2018-10-17 18:13:43,506 INFO o.a.j.u.JMeterUtils: Setting Locale to en_US
2018-10-17 18:13:43,612 INFO o.a.j.JMeter: Loading user properties from: user.properties
2018-10-17 18:13:43,623 INFO o.a.j.JMeter: Loading system properties from: system.properties
2018-10-17 18:13:43,670 INFO o.a.j.JMeter: Copyright (c) 1998-2018 The Apache Software Foundation
2018-10-17 18:13:43,671 INFO o.a.j.JMeter: Version 5.0 r1840935
2018-10-17 18:13:43,671 INFO o.a.j.JMeter: java.version=1.8.0_121
2018-10-17 18:13:43,671 INFO o.a.j.JMeter: java.vm.name=Java HotSpot(TM) 64-Bit Server VM
2018-10-17 18:13:43,671 INFO o.a.j.JMeter: os.name=Windows 10
2018-10-17 18:13:43,671 INFO o.a.j.JMeter: os.arch=amd64
2018-10-17 18:13:43,671 INFO o.a.j.JMeter: os.version=10.0
2018-10-17 18:13:43,672 INFO o.a.j.JMeter: file.encoding=Cp1252
2018-10-17 18:13:43,672 INFO o.a.j.JMeter: Max memory     =922746880
2018-10-17 18:13:43,672 INFO o.a.j.JMeter: Available Processors =4
2018-10-17 18:13:43,681 INFO o.a.j.JMeter: Default Locale=English (United States)
2018-10-17 18:13:43,681 INFO o.a.j.JMeter: JMeter  Locale=English (United States)
2018-10-17 18:13:43,682 INFO o.a.j.JMeter: JMeterHome=C:\Users\Nabila Laili Halimah\Documents\workspace-sts-3.9.5.RELEASE\tutorial-6\Tutorial6_Rabu\apache-jmeter-5.0\apache-jmeter-5.0
2018-10-17 18:13:43,682 INFO o.a.j.JMeter: user.dir  =C:\Users\Nabila Laili Halimah\Documents\workspace-sts-3.9.5.RELEASE\tutorial-6\Tutorial6_Rabu\apache-jmeter-5.0\apache-jmeter-5.0\bin
2018-10-17 18:13:43,683 INFO o.a.j.JMeter: PWD       =C:\Users\Nabila Laili Halimah\Documents\workspace-sts-3.9.5.RELEASE\tutorial-6\Tutorial6_Rabu\apache-jmeter-5.0\apache-jmeter-5.0\bin
2018-10-17 18:13:43,702 INFO o.a.j.JMeter: IP: 10.5.91.39 Name: LAPTOP-59C1VGEU FullName: 10.5.91.39
2018-10-17 18:13:44,681 INFO o.a.j.g.a.LookAndFeelCommand: Installing Darcula LAF
2018-10-17 18:13:44,825 INFO o.a.j.g.a.LookAndFeelCommand: Using look and feel: com.bulenkov.darcula.DarculaLaf [Darcula]
2018-10-17 18:13:44,825 INFO o.a.j.JMeter: Setting LAF to: com.bulenkov.darcula.DarculaLaf
2018-10-17 18:13:45,182 INFO o.a.j.JMeter: Loaded icon properties from org/apache/jmeter/images/icon.properties
2018-10-17 18:13:46,564 INFO o.a.j.e.u.CompoundVariable: Note: Function class names must contain the string: '.functions.'
2018-10-17 18:13:46,564 INFO o.a.j.e.u.CompoundVariable: Note: Function class names must not contain the string: '.gui.'
2018-10-17 18:13:50,133 INFO o.a.j.p.h.s.HTTPSamplerBase: Parser for text/html is org.apache.jmeter.protocol.http.parser.LagartoBasedHtmlParser
2018-10-17 18:13:50,134 INFO o.a.j.p.h.s.HTTPSamplerBase: Parser for application/xhtml+xml is org.apache.jmeter.protocol.http.parser.LagartoBasedHtmlParser
2018-10-17 18:13:50,134 INFO o.a.j.p.h.s.HTTPSamplerBase: Parser for application/xml is org.apache.jmeter.protocol.http.parser.LagartoBasedHtmlParser
2018-10-17 18:13:50,135 INFO o.a.j.p.h.s.HTTPSamplerBase: Parser for text/xml is org.apache.jmeter.protocol.http.parser.LagartoBasedHtmlParser
2018-10-17 18:13:50,135 INFO o.a.j.p.h.s.HTTPSamplerBase: Parser for text/vnd.wap.wml is org.apache.jmeter.protocol.http.parser.RegexpHTMLParser
2018-10-17 18:13:50,135 INFO o.a.j.p.h.s.HTTPSamplerBase: Parser for text/css is org.apache.jmeter.protocol.http.parser.CssParser
2018-10-17 18:13:51,232 INFO o.a.j.e.KeyToolUtils: keytool found at 'keytool'
2018-10-17 18:13:51,232 INFO o.a.j.p.h.p.ProxyControl: HTTP(S) Test Script Recorder SSL Proxy will use keys that support embedded 3rd party resources in file C:\Users\Nabila Laili Halimah\Documents\workspace-sts-3.9.5.RELEASE\tutorial-6\Tutorial6_Rabu\apache-jmeter-5.0\apache-jmeter-5.0\bin\proxyserver.jks
2018-10-17 18:13:51,472 INFO o.a.j.s.FileServer: Default base='C:\Users\Nabila Laili Halimah\Documents\workspace-sts-3.9.5.RELEASE\tutorial-6\Tutorial6_Rabu\apache-jmeter-5.0\apache-jmeter-5.0\bin'
2018-10-17 18:13:53,153 INFO o.a.j.s.SampleResult: Note: Sample TimeStamps are START times
2018-10-17 18:13:53,153 INFO o.a.j.s.SampleResult: sampleresult.default.encoding is set to ISO-8859-1
2018-10-17 18:13:53,153 INFO o.a.j.s.SampleResult: sampleresult.useNanoTime=true
2018-10-17 18:13:53,154 INFO o.a.j.s.SampleResult: sampleresult.nanoThreadSleep=5000
2018-10-17 18:18:04,792 INFO o.a.j.e.StandardJMeterEngine: Running the test!
2018-10-17 18:18:04,794 INFO o.a.j.s.SampleEvent: List of sample_variables: []
2018-10-17 18:18:04,795 INFO o.a.j.s.SampleEvent: List of sample_variables: []
2018-10-17 18:18:04,801 INFO o.a.j.g.u.JMeterMenuBar: setRunning(true, *local*)
2018-10-17 18:18:05,008 INFO o.a.j.e.StandardJMeterEngine: Starting ThreadGroup: 1 : Thread Group
2018-10-17 18:18:05,009 INFO o.a.j.e.StandardJMeterEngine: Starting 50 threads for group Thread Group.
2018-10-17 18:18:05,009 INFO o.a.j.e.StandardJMeterEngine: Thread will continue on error
2018-10-17 18:18:05,009 INFO o.a.j.t.ThreadGroup: Starting thread group... number=1 threads=50 ramp-up=10 perThread=200.0 delayedStart=false
2018-10-17 18:18:05,032 INFO o.a.j.t.JMeterThread: Thread started: Thread Group 1-1
2018-10-17 18:18:05,045 INFO o.a.j.t.ThreadGroup: Started thread group number 1
2018-10-17 18:18:05,045 INFO o.a.j.e.StandardJMeterEngine: All thread groups have been started
2018-10-17 18:18:05,231 INFO o.a.j.t.JMeterThread: Thread started: Thread Group 1-2
2018-10-17 18:18:05,431 INFO o.a.j.t.JMeterThread: Thread started: Thread Group 1-3
2018-10-17 18:18:05,438 INFO o.a.j.p.h.s.HTTPHCAbstractImpl: Local host = LAPTOP-59C1VGEU
2018-10-17 18:18:05,465 INFO o.a.j.p.h.s.HTTPHC4Impl: HTTP request retry count = 0
2018-10-17 18:18:05,631 INFO o.a.j.t.JMeterThread: Thread started: Thread Group 1-4
2018-10-17 18:18:05,834 INFO o.a.j.t.JMeterThread: Thread started: Thread Group 1-5
2018-10-17 18:18:06,034 INFO o.a.j.t.JMeterThread: Thread started: Thread Group 1-6
2018-10-17 18:18:06,238 INFO o.a.j.t.JMeterThread: Thread started: Thread Group 1-7
2018-10-17 18:18:06,435 INFO o.a.j.t.JMeterThread: Thread started: Thread Group 1-8
2018-10-17 18:18:06,638 INFO o.a.j.t.JMeterThread: Thread started: Thread Group 1-9
2018-10-17 18:18:06,832 INFO o.a.j.t.JMeterThread: Thread started: Thread Group 1-10
2018-10-17 18:18:07,038 INFO o.a.j.t.JMeterThread: Thread started: Thread Group 1-11
2018-10-17 18:18:07,242 INFO o.a.j.t.JMeterThread: Thread started: Thread Group 1-12
2018-10-17 18:18:07,438 INFO o.a.j.t.JMeterThread: Thread started: Thread Group 1-13
2018-10-17 18:18:07,638 INFO o.a.j.t.JMeterThread: Thread started: Thread Group 1-14
2018-10-17 18:18:07,804 INFO o.a.j.t.JMeterThread: Thread is done: Thread Group 1-3
2018-10-17 18:18:07,804 INFO o.a.j.t.JMeterThread: Thread is done: Thread Group 1-2
2018-10-17 18:18:07,805 INFO o.a.j.t.JMeterThread: Thread finished: Thread Group 1-3
2018-10-17 18:18:07,805 INFO o.a.j.t.JMeterThread: Thread finished: Thread Group 1-2
2018-10-17 18:18:07,805 INFO o.a.j.t.JMeterThread: Thread is done: Thread Group 1-1
2018-10-17 18:18:07,805 INFO o.a.j.t.JMeterThread: Thread finished: Thread Group 1-1
2018-10-17 18:18:07,806 INFO o.a.j.t.JMeterThread: Thread is done: Thread Group 1-4
2018-10-17 18:18:07,806 INFO o.a.j.t.JMeterThread: Thread finished: Thread Group 1-4
2018-10-17 18:18:07,840 INFO o.a.j.t.JMeterThread: Thread started: Thread Group 1-15
2018-10-17 18:18:07,841 INFO o.a.j.t.JMeterThread: Thread is done: Thread Group 1-5
2018-10-17 18:18:07,841 INFO o.a.j.t.JMeterThread: Thread finished: Thread Group 1-5
2018-10-17 18:18:08,040 INFO o.a.j.t.JMeterThread: Thread started: Thread Group 1-16
2018-10-17 18:18:08,042 INFO o.a.j.t.JMeterThread: Thread is done: Thread Group 1-6
2018-10-17 18:18:08,042 INFO o.a.j.t.JMeterThread: Thread finished: Thread Group 1-6
2018-10-17 18:18:08,241 INFO o.a.j.t.JMeterThread: Thread started: Thread Group 1-17
2018-10-17 18:18:08,246 INFO o.a.j.t.JMeterThread: Thread is done: Thread Group 1-7
2018-10-17 18:18:08,246 INFO o.a.j.t.JMeterThread: Thread finished: Thread Group 1-7
2018-10-17 18:18:08,440 INFO o.a.j.t.JMeterThread: Thread started: Thread Group 1-18
2018-10-17 18:18:08,446 INFO o.a.j.t.JMeterThread: Thread is done: Thread Group 1-8
2018-10-17 18:18:08,446 INFO o.a.j.t.JMeterThread: Thread finished: Thread Group 1-8
2018-10-17 18:18:08,641 INFO o.a.j.t.JMeterThread: Thread started: Thread Group 1-19
2018-10-17 18:18:08,648 INFO o.a.j.t.JMeterThread: Thread is done: Thread Group 1-9
2018-10-17 18:18:08,649 INFO o.a.j.t.JMeterThread: Thread finished: Thread Group 1-9
2018-10-17 18:18:08,841 INFO o.a.j.t.JMeterThread: Thread is done: Thread Group 1-10
2018-10-17 18:18:08,841 INFO o.a.j.t.JMeterThread: Thread finished: Thread Group 1-10
2018-10-17 18:18:08,841 INFO o.a.j.t.JMeterThread: Thread started: Thread Group 1-20
2018-10-17 18:18:09,040 INFO o.a.j.t.JMeterThread: Thread started: Thread Group 1-21
2018-10-17 18:18:09,058 INFO o.a.j.t.JMeterThread: Thread is done: Thread Group 1-11
2018-10-17 18:18:09,059 INFO o.a.j.t.JMeterThread: Thread finished: Thread Group 1-11
2018-10-17 18:18:09,241 INFO o.a.j.t.JMeterThread: Thread started: Thread Group 1-22
2018-10-17 18:18:09,248 INFO o.a.j.t.JMeterThread: Thread is done: Thread Group 1-12
2018-10-17 18:18:09,248 INFO o.a.j.t.JMeterThread: Thread finished: Thread Group 1-12
2018-10-17 18:18:09,441 INFO o.a.j.t.JMeterThread: Thread started: Thread Group 1-23
2018-10-17 18:18:09,449 INFO o.a.j.t.JMeterThread: Thread is done: Thread Group 1-13
2018-10-17 18:18:09,450 INFO o.a.j.t.JMeterThread: Thread finished: Thread Group 1-13
2018-10-17 18:18:09,640 INFO o.a.j.t.JMeterThread: Thread started: Thread Group 1-24
2018-10-17 18:18:09,653 INFO o.a.j.t.JMeterThread: Thread is done: Thread Group 1-14
2018-10-17 18:18:09,653 INFO o.a.j.t.JMeterThread: Thread finished: Thread Group 1-14
2018-10-17 18:18:09,841 INFO o.a.j.t.JMeterThread: Thread started: Thread Group 1-25
2018-10-17 18:18:09,852 INFO o.a.j.t.JMeterThread: Thread is done: Thread Group 1-15
2018-10-17 18:18:09,852 INFO o.a.j.t.JMeterThread: Thread finished: Thread Group 1-15
2018-10-17 18:18:10,041 INFO o.a.j.t.JMeterThread: Thread started: Thread Group 1-26
2018-10-17 18:18:10,050 INFO o.a.j.t.JMeterThread: Thread is done: Thread Group 1-16
2018-10-17 18:18:10,050 INFO o.a.j.t.JMeterThread: Thread finished: Thread Group 1-16
2018-10-17 18:18:10,241 INFO o.a.j.t.JMeterThread: Thread started: Thread Group 1-27
2018-10-17 18:18:10,252 INFO o.a.j.t.JMeterThread: Thread is done: Thread Group 1-17
2018-10-17 18:18:10,252 INFO o.a.j.t.JMeterThread: Thread finished: Thread Group 1-17
2018-10-17 18:18:10,440 INFO o.a.j.t.JMeterThread: Thread started: Thread Group 1-28
2018-10-17 18:18:10,452 INFO o.a.j.t.JMeterThread: Thread is done: Thread Group 1-18
2018-10-17 18:18:10,452 INFO o.a.j.t.JMeterThread: Thread finished: Thread Group 1-18
2018-10-17 18:18:10,641 INFO o.a.j.t.JMeterThread: Thread started: Thread Group 1-29
2018-10-17 18:18:10,648 INFO o.a.j.t.JMeterThread: Thread is done: Thread Group 1-19
2018-10-17 18:18:10,648 INFO o.a.j.t.JMeterThread: Thread finished: Thread Group 1-19
2018-10-17 18:18:10,840 INFO o.a.j.t.JMeterThread: Thread started: Thread Group 1-30
2018-10-17 18:18:10,854 INFO o.a.j.t.JMeterThread: Thread is done: Thread Group 1-20
2018-10-17 18:18:10,855 INFO o.a.j.t.JMeterThread: Thread finished: Thread Group 1-20
2018-10-17 18:18:11,041 INFO o.a.j.t.JMeterThread: Thread started: Thread Group 1-31
2018-10-17 18:18:11,060 INFO o.a.j.t.JMeterThread: Thread is done: Thread Group 1-21
2018-10-17 18:18:11,060 INFO o.a.j.t.JMeterThread: Thread finished: Thread Group 1-21
2018-10-17 18:18:11,241 INFO o.a.j.t.JMeterThread: Thread started: Thread Group 1-32
2018-10-17 18:18:11,252 INFO o.a.j.t.JMeterThread: Thread is done: Thread Group 1-22
2018-10-17 18:18:11,252 INFO o.a.j.t.JMeterThread: Thread finished: Thread Group 1-22
2018-10-17 18:18:11,441 INFO o.a.j.t.JMeterThread: Thread started: Thread Group 1-33
2018-10-17 18:18:11,451 INFO o.a.j.t.JMeterThread: Thread is done: Thread Group 1-23
2018-10-17 18:18:11,452 INFO o.a.j.t.JMeterThread: Thread finished: Thread Group 1-23
2018-10-17 18:18:11,640 INFO o.a.j.t.JMeterThread: Thread started: Thread Group 1-34
2018-10-17 18:18:11,646 INFO o.a.j.t.JMeterThread: Thread is done: Thread Group 1-24
2018-10-17 18:18:11,647 INFO o.a.j.t.JMeterThread: Thread finished: Thread Group 1-24
2018-10-17 18:18:11,840 INFO o.a.j.t.JMeterThread: Thread started: Thread Group 1-35
2018-10-17 18:18:11,852 INFO o.a.j.t.JMeterThread: Thread is done: Thread Group 1-25
2018-10-17 18:18:11,852 INFO o.a.j.t.JMeterThread: Thread finished: Thread Group 1-25
2018-10-17 18:18:12,040 INFO o.a.j.t.JMeterThread: Thread started: Thread Group 1-36
2018-10-17 18:18:12,046 INFO o.a.j.t.JMeterThread: Thread is done: Thread Group 1-26
2018-10-17 18:18:12,046 INFO o.a.j.t.JMeterThread: Thread finished: Thread Group 1-26
2018-10-17 18:18:12,239 INFO o.a.j.t.JMeterThread: Thread started: Thread Group 1-37
2018-10-17 18:18:12,246 INFO o.a.j.t.JMeterThread: Thread is done: Thread Group 1-27
2018-10-17 18:18:12,246 INFO o.a.j.t.JMeterThread: Thread finished: Thread Group 1-27
2018-10-17 18:18:12,443 INFO o.a.j.t.JMeterThread: Thread started: Thread Group 1-38
2018-10-17 18:18:12,452 INFO o.a.j.t.JMeterThread: Thread is done: Thread Group 1-28
2018-10-17 18:18:12,453 INFO o.a.j.t.JMeterThread: Thread finished: Thread Group 1-28
2018-10-17 18:18:12,646 INFO o.a.j.t.JMeterThread: Thread started: Thread Group 1-39
2018-10-17 18:18:12,651 INFO o.a.j.t.JMeterThread: Thread is done: Thread Group 1-29
2018-10-17 18:18:12,651 INFO o.a.j.t.JMeterThread: Thread finished: Thread Group 1-29
2018-10-17 18:18:12,846 INFO o.a.j.t.JMeterThread: Thread started: Thread Group 1-40
2018-10-17 18:18:12,853 INFO o.a.j.t.JMeterThread: Thread is done: Thread Group 1-30
2018-10-17 18:18:12,853 INFO o.a.j.t.JMeterThread: Thread finished: Thread Group 1-30
2018-10-17 18:18:13,043 INFO o.a.j.t.JMeterThread: Thread started: Thread Group 1-41
2018-10-17 18:18:13,049 INFO o.a.j.t.JMeterThread: Thread is done: Thread Group 1-31
2018-10-17 18:18:13,049 INFO o.a.j.t.JMeterThread: Thread finished: Thread Group 1-31
2018-10-17 18:18:13,246 INFO o.a.j.t.JMeterThread: Thread started: Thread Group 1-42
2018-10-17 18:18:13,248 INFO o.a.j.t.JMeterThread: Thread is done: Thread Group 1-32
2018-10-17 18:18:13,248 INFO o.a.j.t.JMeterThread: Thread finished: Thread Group 1-32
2018-10-17 18:18:13,444 INFO o.a.j.t.JMeterThread: Thread started: Thread Group 1-43
2018-10-17 18:18:13,455 INFO o.a.j.t.JMeterThread: Thread is done: Thread Group 1-33
2018-10-17 18:18:13,455 INFO o.a.j.t.JMeterThread: Thread finished: Thread Group 1-33
2018-10-17 18:18:13,644 INFO o.a.j.t.JMeterThread: Thread started: Thread Group 1-44
2018-10-17 18:18:13,647 INFO o.a.j.t.JMeterThread: Thread is done: Thread Group 1-34
2018-10-17 18:18:13,648 INFO o.a.j.t.JMeterThread: Thread finished: Thread Group 1-34
2018-10-17 18:18:13,844 INFO o.a.j.t.JMeterThread: Thread started: Thread Group 1-45
2018-10-17 18:18:13,848 INFO o.a.j.t.JMeterThread: Thread is done: Thread Group 1-35
2018-10-17 18:18:13,849 INFO o.a.j.t.JMeterThread: Thread finished: Thread Group 1-35
2018-10-17 18:18:14,044 INFO o.a.j.t.JMeterThread: Thread started: Thread Group 1-46
2018-10-17 18:18:14,050 INFO o.a.j.t.JMeterThread: Thread is done: Thread Group 1-36
2018-10-17 18:18:14,051 INFO o.a.j.t.JMeterThread: Thread finished: Thread Group 1-36
2018-10-17 18:18:14,253 INFO o.a.j.t.JMeterThread: Thread is done: Thread Group 1-37
2018-10-17 18:18:14,253 INFO o.a.j.t.JMeterThread: Thread finished: Thread Group 1-37
2018-10-17 18:18:14,265 INFO o.a.j.t.JMeterThread: Thread started: Thread Group 1-47
2018-10-17 18:18:14,445 INFO o.a.j.t.JMeterThread: Thread started: Thread Group 1-48
2018-10-17 18:18:14,452 INFO o.a.j.t.JMeterThread: Thread is done: Thread Group 1-38
2018-10-17 18:18:14,453 INFO o.a.j.t.JMeterThread: Thread finished: Thread Group 1-38
2018-10-17 18:18:14,647 INFO o.a.j.t.JMeterThread: Thread started: Thread Group 1-49
2018-10-17 18:18:14,653 INFO o.a.j.t.JMeterThread: Thread is done: Thread Group 1-39
2018-10-17 18:18:14,653 INFO o.a.j.t.JMeterThread: Thread finished: Thread Group 1-39
2018-10-17 18:18:14,847 INFO o.a.j.t.JMeterThread: Thread started: Thread Group 1-50
2018-10-17 18:18:14,857 INFO o.a.j.t.JMeterThread: Thread is done: Thread Group 1-40
2018-10-17 18:18:14,857 INFO o.a.j.t.JMeterThread: Thread finished: Thread Group 1-40
2018-10-17 18:18:15,059 INFO o.a.j.t.JMeterThread: Thread is done: Thread Group 1-41
2018-10-17 18:18:15,059 INFO o.a.j.t.JMeterThread: Thread finished: Thread Group 1-41
2018-10-17 18:18:15,256 INFO o.a.j.t.JMeterThread: Thread is done: Thread Group 1-42
2018-10-17 18:18:15,256 INFO o.a.j.t.JMeterThread: Thread finished: Thread Group 1-42
2018-10-17 18:18:15,452 INFO o.a.j.t.JMeterThread: Thread is done: Thread Group 1-43
2018-10-17 18:18:15,452 INFO o.a.j.t.JMeterThread: Thread finished: Thread Group 1-43
2018-10-17 18:18:15,670 INFO o.a.j.t.JMeterThread: Thread is done: Thread Group 1-44
2018-10-17 18:18:15,670 INFO o.a.j.t.JMeterThread: Thread finished: Thread Group 1-44
2018-10-17 18:18:15,858 INFO o.a.j.t.JMeterThread: Thread is done: Thread Group 1-45
2018-10-17 18:18:15,858 INFO o.a.j.t.JMeterThread: Thread finished: Thread Group 1-45
2018-10-17 18:18:16,052 INFO o.a.j.t.JMeterThread: Thread is done: Thread Group 1-46
2018-10-17 18:18:16,052 INFO o.a.j.t.JMeterThread: Thread finished: Thread Group 1-46
2018-10-17 18:18:16,276 INFO o.a.j.t.JMeterThread: Thread is done: Thread Group 1-47
2018-10-17 18:18:16,277 INFO o.a.j.t.JMeterThread: Thread finished: Thread Group 1-47
2018-10-17 18:18:16,455 INFO o.a.j.t.JMeterThread: Thread is done: Thread Group 1-48
2018-10-17 18:18:16,455 INFO o.a.j.t.JMeterThread: Thread finished: Thread Group 1-48
2018-10-17 18:18:16,658 INFO o.a.j.t.JMeterThread: Thread is done: Thread Group 1-49
2018-10-17 18:18:16,658 INFO o.a.j.t.JMeterThread: Thread finished: Thread Group 1-49
2018-10-17 18:18:16,868 INFO o.a.j.t.JMeterThread: Thread is done: Thread Group 1-50
2018-10-17 18:18:16,869 INFO o.a.j.t.JMeterThread: Thread finished: Thread Group 1-50
2018-10-17 18:18:16,869 INFO o.a.j.e.StandardJMeterEngine: Notifying test listeners of end of test
2018-10-17 18:18:16,870 INFO o.a.j.g.u.JMeterMenuBar: setRunning(false, *local*)
